<testsuites id="" name="" tests="14" failures="14" skipped="0" errors="0" time="95.919652">
<testsuite name="security\api-security-tests.spec.ts" timestamp="2025-09-29T09:42:59.944Z" hostname="chromium" tests="14" failures="14" skipped="0" time="548.851" errors="0">
<testcase name="API Security Tests › API Authentication › should require authentication for protected API endpoints" classname="security\api-security-tests.spec.ts" time="45.629">
<failure message="api-security-tests.spec.ts:15:9 should require authentication for protected API endpoints" type="FAILURE">
<![CDATA[  [chromium] › security\api-security-tests.spec.ts:15:9 › API Security Tests › API Authentication › should require authentication for protected API endpoints 

    TimeoutError: apiRequestContext.get: Timeout 10000ms exceeded.
    Call log:
      - → GET http://localhost:9001/api/kpis
        - user-agent: Mozilla/5.0 (Windows NT 10.0; Win64; x64) AppleWebKit/537.36 (KHTML, like Gecko) Chrome/140.0.7339.186 Safari/537.36
        - accept: */*
        - accept-encoding: gzip,deflate,br


      25 |       
      26 |       for (const endpoint of protectedEndpoints) {
    > 27 |         const response = await page.request.get(endpoint);
         |                                             ^
      28 |         console.log(`📊 ${endpoint} status: ${response.status()}`);
      29 |         
      30 |         // Should require authentication
        at D:\KPI-Central\tests\security\api-security-tests.spec.ts:27:45

    attachment #1: screenshot (image/png) ──────────────────────────────────────────────────────────
    ..\test-results\security-api-security-test-ac5ad-for-protected-API-endpoints-chromium\test-failed-1.png
    ────────────────────────────────────────────────────────────────────────────────────────────────

    attachment #2: video (video/webm) ──────────────────────────────────────────────────────────────
    ..\test-results\security-api-security-test-ac5ad-for-protected-API-endpoints-chromium\video.webm
    ────────────────────────────────────────────────────────────────────────────────────────────────
]]>
</failure>
<system-out>
<![CDATA[🚀 Testing API authentication requirements...

[[ATTACHMENT|security-api-security-test-ac5ad-for-protected-API-endpoints-chromium\test-failed-1.png]]

[[ATTACHMENT|security-api-security-test-ac5ad-for-protected-API-endpoints-chromium\video.webm]]
]]>
</system-out>
</testcase>
<testcase name="API Security Tests › API Authentication › should validate JWT tokens properly" classname="security\api-security-tests.spec.ts" time="50.475">
<failure message="api-security-tests.spec.ts:37:9 should validate JWT tokens properly" type="FAILURE">
<![CDATA[  [chromium] › security\api-security-tests.spec.ts:37:9 › API Security Tests › API Authentication › should validate JWT tokens properly 

    TimeoutError: page.goto: Timeout 30000ms exceeded.
    Call log:
      - navigating to "http://localhost:9001/login", waiting until "load"


       at utils\auth-helper.ts:18

      16 |     console.log('🔐 Logging in as admin...');
      17 |     
    > 18 |     await this.page.goto('/login');
         |                     ^
      19 |     await this.waitForPageLoad();
      20 |     
      21 |     // Hide NextJS dev overlay if present
        at AuthHelper.loginAsAdmin (D:\KPI-Central\tests\utils\auth-helper.ts:18:21)
        at D:\KPI-Central\tests\security\api-security-tests.spec.ts:40:24

    attachment #1: screenshot (image/png) ──────────────────────────────────────────────────────────
    ..\test-results\security-api-security-test-ac1fc-alidate-JWT-tokens-properly-chromium\test-failed-1.png
    ────────────────────────────────────────────────────────────────────────────────────────────────

    attachment #2: video (video/webm) ──────────────────────────────────────────────────────────────
    ..\test-results\security-api-security-test-ac1fc-alidate-JWT-tokens-properly-chromium\video.webm
    ────────────────────────────────────────────────────────────────────────────────────────────────

    Error Context: ..\test-results\security-api-security-test-ac1fc-alidate-JWT-tokens-properly-chromium\error-context.md
]]>
</failure>
<system-out>
<![CDATA[🚀 Testing JWT token validation...
🔐 Logging in as admin...

[[ATTACHMENT|security-api-security-test-ac1fc-alidate-JWT-tokens-properly-chromium\test-failed-1.png]]

[[ATTACHMENT|security-api-security-test-ac1fc-alidate-JWT-tokens-properly-chromium\video.webm]]

[[ATTACHMENT|security-api-security-test-ac1fc-alidate-JWT-tokens-properly-chromium\error-context.md]]
]]>
</system-out>
</testcase>
<testcase name="API Security Tests › API Authentication › should handle token expiration gracefully" classname="security\api-security-tests.spec.ts" time="52.044">
<failure message="api-security-tests.spec.ts:71:9 should handle token expiration gracefully" type="FAILURE">
<![CDATA[  [chromium] › security\api-security-tests.spec.ts:71:9 › API Security Tests › API Authentication › should handle token expiration gracefully 

    TimeoutError: page.goto: Timeout 30000ms exceeded.
    Call log:
      - navigating to "http://localhost:9001/login", waiting until "load"


       at utils\auth-helper.ts:18

      16 |     console.log('🔐 Logging in as admin...');
      17 |     
    > 18 |     await this.page.goto('/login');
         |                     ^
      19 |     await this.waitForPageLoad();
      20 |     
      21 |     // Hide NextJS dev overlay if present
        at AuthHelper.loginAsAdmin (D:\KPI-Central\tests\utils\auth-helper.ts:18:21)
        at D:\KPI-Central\tests\security\api-security-tests.spec.ts:74:24

    attachment #1: video (video/webm) ──────────────────────────────────────────────────────────────
    ..\test-results\security-api-security-test-6361f-token-expiration-gracefully-chromium\video.webm
    ────────────────────────────────────────────────────────────────────────────────────────────────

    Error Context: ..\test-results\security-api-security-test-6361f-token-expiration-gracefully-chromium\error-context.md
]]>
</failure>
<system-out>
<![CDATA[🚀 Testing token expiration handling...
🔐 Logging in as admin...

[[ATTACHMENT|security-api-security-test-6361f-token-expiration-gracefully-chromium\video.webm]]

[[ATTACHMENT|security-api-security-test-6361f-token-expiration-gracefully-chromium\error-context.md]]
]]>
</system-out>
</testcase>
<testcase name="API Security Tests › API Authorization › should enforce role-based access control" classname="security\api-security-tests.spec.ts" time="51.059">
<failure message="api-security-tests.spec.ts:93:9 should enforce role-based access control" type="FAILURE">
<![CDATA[  [chromium] › security\api-security-tests.spec.ts:93:9 › API Security Tests › API Authorization › should enforce role-based access control 

    TimeoutError: page.goto: Timeout 30000ms exceeded.
    Call log:
      - navigating to "http://localhost:9001/login", waiting until "load"


       at utils\auth-helper.ts:65

      63 |     console.log('🔐 Logging in as employee...');
      64 |     
    > 65 |     await this.page.goto('/login');
         |                     ^
      66 |     await this.waitForPageLoad();
      67 |     
      68 |     // Hide NextJS dev overlay if present
        at AuthHelper.loginAsEmployee (D:\KPI-Central\tests\utils\auth-helper.ts:65:21)
        at D:\KPI-Central\tests\security\api-security-tests.spec.ts:97:24

    attachment #1: video (video/webm) ──────────────────────────────────────────────────────────────
    ..\test-results\security-api-security-test-4bcb0-e-role-based-access-control-chromium\video.webm
    ────────────────────────────────────────────────────────────────────────────────────────────────

    Error Context: ..\test-results\security-api-security-test-4bcb0-e-role-based-access-control-chromium\error-context.md
]]>
</failure>
<system-out>
<![CDATA[🚀 Testing role-based access control...
🔐 Logging in as employee...

[[ATTACHMENT|security-api-security-test-4bcb0-e-role-based-access-control-chromium\video.webm]]

[[ATTACHMENT|security-api-security-test-4bcb0-e-role-based-access-control-chromium\error-context.md]]
]]>
</system-out>
</testcase>
<testcase name="API Security Tests › API Authorization › should validate user ownership for data access" classname="security\api-security-tests.spec.ts" time="53.577">
<failure message="api-security-tests.spec.ts:128:9 should validate user ownership for data access" type="FAILURE">
<![CDATA[  [chromium] › security\api-security-tests.spec.ts:128:9 › API Security Tests › API Authorization › should validate user ownership for data access 

    TimeoutError: page.goto: Timeout 30000ms exceeded.
    Call log:
      - navigating to "http://localhost:9001/login", waiting until "load"


       at utils\auth-helper.ts:65

      63 |     console.log('🔐 Logging in as employee...');
      64 |     
    > 65 |     await this.page.goto('/login');
         |                     ^
      66 |     await this.waitForPageLoad();
      67 |     
      68 |     // Hide NextJS dev overlay if present
        at AuthHelper.loginAsEmployee (D:\KPI-Central\tests\utils\auth-helper.ts:65:21)
        at D:\KPI-Central\tests\security\api-security-tests.spec.ts:131:24

    attachment #1: video (video/webm) ──────────────────────────────────────────────────────────────
    ..\test-results\security-api-security-test-1988b-r-ownership-for-data-access-chromium\video.webm
    ────────────────────────────────────────────────────────────────────────────────────────────────

    Error Context: ..\test-results\security-api-security-test-1988b-r-ownership-for-data-access-chromium\error-context.md
]]>
</failure>
<system-out>
<![CDATA[🚀 Testing user ownership validation...
🔐 Logging in as employee...

[[ATTACHMENT|security-api-security-test-1988b-r-ownership-for-data-access-chromium\video.webm]]

[[ATTACHMENT|security-api-security-test-1988b-r-ownership-for-data-access-chromium\error-context.md]]
]]>
</system-out>
</testcase>
<testcase name="API Security Tests › API Input Validation › should validate API request parameters" classname="security\api-security-tests.spec.ts" time="53.518">
<failure message="api-security-tests.spec.ts:153:9 should validate API request parameters" type="FAILURE">
<![CDATA[  [chromium] › security\api-security-tests.spec.ts:153:9 › API Security Tests › API Input Validation › should validate API request parameters 

    TimeoutError: page.goto: Timeout 30000ms exceeded.
    Call log:
      - navigating to "http://localhost:9001/login", waiting until "load"


       at utils\auth-helper.ts:18

      16 |     console.log('🔐 Logging in as admin...');
      17 |     
    > 18 |     await this.page.goto('/login');
         |                     ^
      19 |     await this.waitForPageLoad();
      20 |     
      21 |     // Hide NextJS dev overlay if present
        at AuthHelper.loginAsAdmin (D:\KPI-Central\tests\utils\auth-helper.ts:18:21)
        at D:\KPI-Central\tests\security\api-security-tests.spec.ts:156:24

    attachment #1: video (video/webm) ──────────────────────────────────────────────────────────────
    ..\test-results\security-api-security-test-e34aa-date-API-request-parameters-chromium\video.webm
    ────────────────────────────────────────────────────────────────────────────────────────────────

    Error Context: ..\test-results\security-api-security-test-e34aa-date-API-request-parameters-chromium\error-context.md
]]>
</failure>
<system-out>
<![CDATA[🚀 Testing API parameter validation...
🔐 Logging in as admin...

[[ATTACHMENT|security-api-security-test-e34aa-date-API-request-parameters-chromium\video.webm]]

[[ATTACHMENT|security-api-security-test-e34aa-date-API-request-parameters-chromium\error-context.md]]
]]>
</system-out>
</testcase>
<testcase name="API Security Tests › API Input Validation › should validate API request body" classname="security\api-security-tests.spec.ts" time="50.497">
<failure message="api-security-tests.spec.ts:177:9 should validate API request body" type="FAILURE">
<![CDATA[  [chromium] › security\api-security-tests.spec.ts:177:9 › API Security Tests › API Input Validation › should validate API request body 

    TimeoutError: page.goto: Timeout 30000ms exceeded.
    Call log:
      - navigating to "http://localhost:9001/login", waiting until "load"


       at utils\auth-helper.ts:18

      16 |     console.log('🔐 Logging in as admin...');
      17 |     
    > 18 |     await this.page.goto('/login');
         |                     ^
      19 |     await this.waitForPageLoad();
      20 |     
      21 |     // Hide NextJS dev overlay if present
        at AuthHelper.loginAsAdmin (D:\KPI-Central\tests\utils\auth-helper.ts:18:21)
        at D:\KPI-Central\tests\security\api-security-tests.spec.ts:180:24

    attachment #1: screenshot (image/png) ──────────────────────────────────────────────────────────
    ..\test-results\security-api-security-test-d6ece-d-validate-API-request-body-chromium\test-failed-1.png
    ────────────────────────────────────────────────────────────────────────────────────────────────

    attachment #2: video (video/webm) ──────────────────────────────────────────────────────────────
    ..\test-results\security-api-security-test-d6ece-d-validate-API-request-body-chromium\video.webm
    ────────────────────────────────────────────────────────────────────────────────────────────────

    Error Context: ..\test-results\security-api-security-test-d6ece-d-validate-API-request-body-chromium\error-context.md
]]>
</failure>
<system-out>
<![CDATA[🚀 Testing API body validation...
🔐 Logging in as admin...

[[ATTACHMENT|security-api-security-test-d6ece-d-validate-API-request-body-chromium\test-failed-1.png]]

[[ATTACHMENT|security-api-security-test-d6ece-d-validate-API-request-body-chromium\video.webm]]

[[ATTACHMENT|security-api-security-test-d6ece-d-validate-API-request-body-chromium\error-context.md]]
]]>
</system-out>
</testcase>
<testcase name="API Security Tests › API Input Validation › should prevent SQL injection in API parameters" classname="security\api-security-tests.spec.ts" time="50.563">
<failure message="api-security-tests.spec.ts:206:9 should prevent SQL injection in API parameters" type="FAILURE">
<![CDATA[  [chromium] › security\api-security-tests.spec.ts:206:9 › API Security Tests › API Input Validation › should prevent SQL injection in API parameters 

    TimeoutError: page.goto: Timeout 30000ms exceeded.
    Call log:
      - navigating to "http://localhost:9001/login", waiting until "load"


       at utils\auth-helper.ts:18

      16 |     console.log('🔐 Logging in as admin...');
      17 |     
    > 18 |     await this.page.goto('/login');
         |                     ^
      19 |     await this.waitForPageLoad();
      20 |     
      21 |     // Hide NextJS dev overlay if present
        at AuthHelper.loginAsAdmin (D:\KPI-Central\tests\utils\auth-helper.ts:18:21)
        at D:\KPI-Central\tests\security\api-security-tests.spec.ts:209:24

    attachment #1: screenshot (image/png) ──────────────────────────────────────────────────────────
    ..\test-results\security-api-security-test-5b55b-injection-in-API-parameters-chromium\test-failed-1.png
    ────────────────────────────────────────────────────────────────────────────────────────────────

    attachment #2: video (video/webm) ──────────────────────────────────────────────────────────────
    ..\test-results\security-api-security-test-5b55b-injection-in-API-parameters-chromium\video.webm
    ────────────────────────────────────────────────────────────────────────────────────────────────

    Error Context: ..\test-results\security-api-security-test-5b55b-injection-in-API-parameters-chromium\error-context.md
]]>
</failure>
<system-out>
<![CDATA[🚀 Testing SQL injection prevention in API...
🔐 Logging in as admin...

[[ATTACHMENT|security-api-security-test-5b55b-injection-in-API-parameters-chromium\test-failed-1.png]]

[[ATTACHMENT|security-api-security-test-5b55b-injection-in-API-parameters-chromium\video.webm]]

[[ATTACHMENT|security-api-security-test-5b55b-injection-in-API-parameters-chromium\error-context.md]]
]]>
</system-out>
</testcase>
<testcase name="API Security Tests › API Rate Limiting › should implement rate limiting for API endpoints" classname="security\api-security-tests.spec.ts" time="49.833">
<failure message="api-security-tests.spec.ts:234:9 should implement rate limiting for API endpoints" type="FAILURE">
<![CDATA[  [chromium] › security\api-security-tests.spec.ts:234:9 › API Security Tests › API Rate Limiting › should implement rate limiting for API endpoints 

    TimeoutError: page.goto: Timeout 30000ms exceeded.
    Call log:
      - navigating to "http://localhost:9001/login", waiting until "load"


       at utils\auth-helper.ts:18

      16 |     console.log('🔐 Logging in as admin...');
      17 |     
    > 18 |     await this.page.goto('/login');
         |                     ^
      19 |     await this.waitForPageLoad();
      20 |     
      21 |     // Hide NextJS dev overlay if present
        at AuthHelper.loginAsAdmin (D:\KPI-Central\tests\utils\auth-helper.ts:18:21)
        at D:\KPI-Central\tests\security\api-security-tests.spec.ts:237:24

    attachment #1: screenshot (image/png) ──────────────────────────────────────────────────────────
    ..\test-results\security-api-security-test-876a8--limiting-for-API-endpoints-chromium\test-failed-1.png
    ────────────────────────────────────────────────────────────────────────────────────────────────

    attachment #2: video (video/webm) ──────────────────────────────────────────────────────────────
    ..\test-results\security-api-security-test-876a8--limiting-for-API-endpoints-chromium\video.webm
    ────────────────────────────────────────────────────────────────────────────────────────────────

    Error Context: ..\test-results\security-api-security-test-876a8--limiting-for-API-endpoints-chromium\error-context.md
]]>
</failure>
<system-out>
<![CDATA[🚀 Testing API rate limiting...
🔐 Logging in as admin...

[[ATTACHMENT|security-api-security-test-876a8--limiting-for-API-endpoints-chromium\test-failed-1.png]]

[[ATTACHMENT|security-api-security-test-876a8--limiting-for-API-endpoints-chromium\video.webm]]

[[ATTACHMENT|security-api-security-test-876a8--limiting-for-API-endpoints-chromium\error-context.md]]
]]>
</system-out>
</testcase>
<testcase name="API Security Tests › API Rate Limiting › should handle rate limit headers properly" classname="security\api-security-tests.spec.ts" time="50.514">
<failure message="api-security-tests.spec.ts:261:9 should handle rate limit headers properly" type="FAILURE">
<![CDATA[  [chromium] › security\api-security-tests.spec.ts:261:9 › API Security Tests › API Rate Limiting › should handle rate limit headers properly 

    TimeoutError: page.goto: Timeout 30000ms exceeded.
    Call log:
      - navigating to "http://localhost:9001/login", waiting until "load"


       at utils\auth-helper.ts:18

      16 |     console.log('🔐 Logging in as admin...');
      17 |     
    > 18 |     await this.page.goto('/login');
         |                     ^
      19 |     await this.waitForPageLoad();
      20 |     
      21 |     // Hide NextJS dev overlay if present
        at AuthHelper.loginAsAdmin (D:\KPI-Central\tests\utils\auth-helper.ts:18:21)
        at D:\KPI-Central\tests\security\api-security-tests.spec.ts:264:24

    attachment #1: screenshot (image/png) ──────────────────────────────────────────────────────────
    ..\test-results\security-api-security-test-1c869-rate-limit-headers-properly-chromium\test-failed-1.png
    ────────────────────────────────────────────────────────────────────────────────────────────────

    attachment #2: video (video/webm) ──────────────────────────────────────────────────────────────
    ..\test-results\security-api-security-test-1c869-rate-limit-headers-properly-chromium\video.webm
    ────────────────────────────────────────────────────────────────────────────────────────────────

    Error Context: ..\test-results\security-api-security-test-1c869-rate-limit-headers-properly-chromium\error-context.md
]]>
</failure>
<system-out>
<![CDATA[🚀 Testing rate limit headers...
🔐 Logging in as admin...

[[ATTACHMENT|security-api-security-test-1c869-rate-limit-headers-properly-chromium\test-failed-1.png]]

[[ATTACHMENT|security-api-security-test-1c869-rate-limit-headers-properly-chromium\video.webm]]

[[ATTACHMENT|security-api-security-test-1c869-rate-limit-headers-properly-chromium\error-context.md]]
]]>
</system-out>
</testcase>
<testcase name="API Security Tests › API Error Handling › should return appropriate error codes" classname="security\api-security-tests.spec.ts" time="2.6">
<failure message="api-security-tests.spec.ts:298:9 should return appropriate error codes" type="FAILURE">
<![CDATA[  [chromium] › security\api-security-tests.spec.ts:298:9 › API Security Tests › API Error Handling › should return appropriate error codes 

    Error: expect(received).toBe(expected) // Object.is equality

    Expected: 405
    Received: 500

      305 |       // Test 405 for unsupported methods
      306 |       const methodNotAllowedResponse = await page.request.delete('/api/kpis');
    > 307 |       expect(methodNotAllowedResponse.status()).toBe(405);
          |                                                 ^
      308 |       
      309 |       // Test 400 for malformed requests
      310 |       const badRequestResponse = await page.request.post('/api/kpis', {
        at D:\KPI-Central\tests\security\api-security-tests.spec.ts:307:49

    attachment #1: screenshot (image/png) ──────────────────────────────────────────────────────────
    ..\test-results\security-api-security-test-edd85-urn-appropriate-error-codes-chromium\test-failed-1.png
    ────────────────────────────────────────────────────────────────────────────────────────────────

    attachment #2: video (video/webm) ──────────────────────────────────────────────────────────────
    ..\test-results\security-api-security-test-edd85-urn-appropriate-error-codes-chromium\video.webm
    ────────────────────────────────────────────────────────────────────────────────────────────────
]]>
</failure>
<system-out>
<![CDATA[🚀 Testing API error codes...

[[ATTACHMENT|security-api-security-test-edd85-urn-appropriate-error-codes-chromium\test-failed-1.png]]

[[ATTACHMENT|security-api-security-test-edd85-urn-appropriate-error-codes-chromium\video.webm]]
]]>
</system-out>
</testcase>
<testcase name="API Security Tests › API Error Handling › should not leak sensitive information in error messages" classname="security\api-security-tests.spec.ts" time="36.339">
<failure message="api-security-tests.spec.ts:319:9 should not leak sensitive information in error messages" type="FAILURE">
<![CDATA[  [chromium] › security\api-security-tests.spec.ts:319:9 › API Security Tests › API Error Handling › should not leak sensitive information in error messages 

    Error: expect(received).not.toContain(expected) // indexOf

    Expected substring: not "query"
    Received string:        "<!DOCTYPE html><html><head><meta charSet=\"utf-8\"/><meta name=\"viewport\" content=\"width=device-width, initial-scale=1\"/><link rel=\"stylesheet\" href=\"/_next/static/chunks/src_app_globals_91e4631d.css\" data-precedence=\"next_static/chunks/src_app_globals_91e4631d.css\"/><link rel=\"preload\" as=\"script\" fetchPriority=\"low\" href=\"/_next/static/chunks/%5Bturbopack%5D_browser_dev_hmr-client_hmr-client_ts_57d40746._.js\"/><script src=\"/_next/static/chunks/node_modules_next_dist_compiled_react-dom_1e674e59._.js\" async=\"\"></script><script src=\"/_next/static/chunks/node_modules_next_dist_compiled_next-devtools_index_a9cb0712.js\" async=\"\"></script><script src=\"/_next/static/chunks/node_modules_next_dist_compiled_5150ccfd._.js\" async=\"\"></script><script src=\"/_next/static/chunks/node_modules_next_dist_client_cf1d9188._.js\" async=\"\"></script><script src=\"/_next/static/chunks/node_modules_next_dist_b0daae9a._.js\" async=\"\"></script><script src=\"/_next/static/chunks/node_modules_%40swc_helpers_cjs_b3dc30d6._.js\" async=\"\"></script><script src=\"/_next/static/chunks/_a0ff3932._.js\" async=\"\"></script><script src=\"/_next/static/chunks/turbopack-_cdba956c._.js\" async=\"\"></script><script src=\"/_next/static/chunks/node_modules_next_dist_8db7fb1f._.js\" async=\"\"></script><script src=\"/_next/static/chunks/src_app_favicon_ico_mjs_243aa161._.js\" async=\"\"></script><script src=\"/_next/static/chunks/src_ac97f44a._.js\" async=\"\"></script><script src=\"/_next/static/chunks/node_modules_tailwind-merge_dist_bundle-mjs_mjs_56b6fd65._.js\" async=\"\"></script><script src=\"/_next/static/chunks/94568_%40firebase_auth_dist_esm2017_82074328._.js\" async=\"\"></script><script src=\"/_next/static/chunks/node_modules_%40firebase_firestore_dist_index_esm2017_d9c36ae7.js\" async=\"\"></script><script src=\"/_next/static/chunks/node_modules_%40firebase_storage_dist_index_esm2017_46d20e3b.js\" async=\"\"></script><script src=\"/_next/static/chunks/node_modules_6ee02f0b._.js\" async=\"\"></script><script src=\"/_next/static/chunks/src_app_layout_tsx_0a548d63._.js\" async=\"\"></script><meta name=\"robots\" content=\"noindex\"/><link rel=\"preconnect\" href=\"https://fonts.googleapis.com\"/><link rel=\"preconnect\" href=\"https://fonts.gstatic.com\" crossorigin=\"\"/><link rel=\"manifest\" href=\"/manifest.json\"/><meta name=\"theme-color\" content=\"#3b82f6\"/><meta name=\"apple-mobile-web-app-capable\" content=\"yes\"/><meta name=\"apple-mobile-web-app-status-bar-style\" content=\"default\"/><meta name=\"apple-mobile-web-app-title\" content=\"Y99 KPI Central\"/><link rel=\"apple-touch-icon\" href=\"https://y99.vn/logo.png\"/><title>404: This page could not be found.</title><link href=\"https://fonts.googleapis.com/css2?family=Inter&amp;display=swap\" rel=\"stylesheet\"/><script src=\"/_next/static/chunks/node_modules_next_dist_build_polyfills_polyfill-nomodule.js\" noModule=\"\"></script></head><body class=\"font-body antialiased\"><div hidden=\"\"><!--$?--><template id=\"B:0\"></template><!--/$--></div><!--$--><div style=\"font-family:system-ui,&quot;Segoe UI&quot;,Roboto,Helvetica,Arial,sans-serif,&quot;Apple Color Emoji&quot;,&quot;Segoe UI Emoji&quot;;height:100vh;text-align:center;display:flex;flex-direction:column;align-items:center;justify-content:center\"><div><style>body{color:#000;background:#fff;margin:0}.next-error-h1{border-right:1px solid rgba(0,0,0,.3)}@media (prefers-color-scheme:dark){body{color:#fff;background:#000}.next-error-h1{border-right:1px solid rgba(255,255,255,.3)}}</style><h1 class=\"next-error-h1\" style=\"display:inline-block;margin:0 20px 0 0;padding:0 23px 0 0;font-size:24px;font-weight:500;vertical-align:top;line-height:49px\">404</h1><div style=\"display:inline-block\"><h2 style=\"font-size:14px;font-weight:400;line-height:49px;margin:0\">This page could not be found.</h2></div></div></div><!--$?--><template id=\"B:1\"></template><!--/$--><!--/$--><div role=\"region\" aria-label=\"Notifications (F8)\" tabindex=\"-1\" style=\"pointer-events:none\"><ol tabindex=\"-1\" class=\"fixed top-0 z-[100] flex max-h-screen w-full flex-col-reverse p-4 sm:bottom-0 sm:right-0 sm:top-auto sm:flex-col md:max-w-[420px]\"></ol></div><script>requestAnimationFrame(function(){$RT=performance.now()});</script><script src=\"/_next/static/chunks/%5Bturbopack%5D_browser_dev_hmr-client_hmr-client_ts_57d40746._.js\" id=\"_R_\" async=\"\"></script><div hidden id=\"S:1\"></div><script>$RB=[];$RV=function(a){$RT=performance.now();for(var b=0;b<a.length;b+=2){var c=a[b],e=a[b+1];null!==e.parentNode&&e.parentNode.removeChild(e);var f=c.parentNode;if(f){var g=c.previousSibling,h=0;do{if(c&&8===c.nodeType){var d=c.data;if(\"/$\"===d||\"/&\"===d)if(0===h)break;else h--;else\"$\"!==d&&\"$?\"!==d&&\"$~\"!==d&&\"$!\"!==d&&\"&\"!==d||h++}d=c.nextSibling;f.removeChild(c);c=d}while(c);for(;e.firstChild;)f.insertBefore(e.firstChild,c);g.data=\"$\";g._reactRetry&&requestAnimationFrame(g._reactRetry)}}a.length=0};
    $RC=function(a,b){if(b=document.getElementById(b))(a=document.getElementById(a))?(a.previousSibling.data=\"$~\",$RB.push(a,b),2===$RB.length&&(\"number\"!==typeof $RT?requestAnimationFrame($RV.bind(null,$RB)):(a=performance.now(),setTimeout($RV.bind(null,$RB),2300>a&&2E3<a?2300-a:$RT+300-a)))):b.parentNode.removeChild(b)};$RC(\"B:1\",\"S:1\")</script><title>KPI Central - Hệ thống quản lý KPI</title><meta name=\"description\" content=\"Hệ thống quản lý và theo dõi KPI toàn diện cho doanh nghiệp\"/><link rel=\"shortcut icon\" href=\"https://y99.vn/logo.png\"/><link rel=\"icon\" href=\"/favicon.ico?favicon.d86e410f.ico\" sizes=\"1000x563\" type=\"image/x-icon\"/><link rel=\"icon\" href=\"https://y99.vn/logo.png\"/><link rel=\"apple-touch-icon\" href=\"https://y99.vn/logo.png\"/><script >document.querySelectorAll('body link[rel=\"icon\"], body link[rel=\"apple-touch-icon\"]').forEach(el => document.head.appendChild(el))</script><div hidden id=\"S:0\"></div><script>$RC(\"B:0\",\"S:0\")</script><script>(self.__next_f=self.__next_f||[]).push([0])</script><script>self.__next_f.push([1,\"5:I[\\\"[project]/node_modules/next/dist/next-devtools/userspace/app/segment-explorer-node.js [app-client] (ecmascript)\\\",[\\\"/_next/static/chunks/node_modules_next_dist_8db7fb1f._.js\\\",\\\"/_next/static/chunks/src_app_favicon_ico_mjs_243aa161._.js\\\"],\\\"SegmentViewNode\\\"]\\n7:\\\"$Sreact.fragment\\\"\\n27:I[\\\"[project]/src/components/error-boundary.tsx [app-client] (ecmascript)\\\",[\\\"/_next/static/chunks/src_ac97f44a._.js\\\",\\\"/_next/static/chunks/node_modules_tailwind-merge_dist_bundle-mjs_mjs_56b6fd65._.js\\\",\\\"/_next/static/chunks/94568_%40firebase_auth_dist_esm2017_82074328._.js\\\",\\\"/_next/static/chunks/node_modules_%40firebase_firestore_dist_index_esm2017_d9c36ae7.js\\\",\\\"/_next/static/chunks/node_modules_%40firebase_storage_dist_index_esm2017_46d20e3b.js\\\",\\\"/_next/static/chunks/node_modules_6ee02f0b._.js\\\",\\\"/_next/static/chunks/src_app_layout_tsx_0a548d63._.js\\\"],\\\"ErrorBoundary\\\"]\\n29:I[\\\"[project]/src/components/providers.tsx [app-client] (ecmascript)\\\",[\\\"/_next/static/chunks/src_ac97f44a._.js\\\",\\\"/_next/static/chunks/node_modules_tailwind-merge_dist_bundle-mjs_mjs_56b6fd65._.js\\\",\\\"/_next/static/chunks/94568_%40firebase_auth_dist_esm2017_82074328._.js\\\",\\\"/_next/static/chunks/node_modules_%40firebase_firestore_dist_index_esm2017_d9c36ae7.js\\\",\\\"/_next/static/chunks/node_modules_%40firebase_storage_dist_index_esm2017_46d20e3b.js\\\",\\\"/_next/static/chunks/node_modules_6ee02f0b._.js\\\",\\\"/_next/static/chunks/src_app_layout_tsx_0a548d63._.js\\\"],\\\"Providers\\\"]\\n2b:I[\\\"[project]/node_modules/next/dist/client/components/layout-router.js [app-client] (ecmascript)\\\",[\\\"/_next/static/chunks/node_modules_next_dist_8db7fb1f._.js\\\",\\\"/_next/static/chunks/src_app_favicon_ico_mjs_243aa161._.js\\\"],\\\"default\\\"]\\n2d:I[\\\"[project]/node_modules/next/dist/client/components/render-from-template-context.js [app-client] (ecmascript)\\\",[\\\"/_next/static/chunks/node_modules_next_dist_8db7fb1f._.js\\\",\\\"/_next/static/chunks/src_app_favicon_ico_mjs_243aa161._.js\\\"],\\\"default\\\"]\\n3c:I[\\\"[project]/src/components/ui/toaster.tsx [app-client] (ecmascript)\\\",[\\\"/_next/static/chunks/src_ac97f44a._.js\\\",\\\"/_next/static/chunks/\"])</script><script>self.__next_f.push([1,\"node_modules_tailwind-merge_dist_bundle-mjs_mjs_56b6fd65._.js\\\",\\\"/_next/static/chunks/94568_%40firebase_auth_dist_esm2017_82074328._.js\\\",\\\"/_next/static/chunks/node_modules_%40firebase_firestore_dist_index_esm2017_d9c36ae7.js\\\",\\\"/_next/static/chunks/node_modules_%40firebase_storage_dist_index_esm2017_46d20e3b.js\\\",\\\"/_next/static/chunks/node_modules_6ee02f0b._.js\\\",\\\"/_next/static/chunks/src_app_layout_tsx_0a548d63._.js\\\"],\\\"Toaster\\\"]\\n4f:I[\\\"[project]/node_modules/next/dist/lib/framework/boundary-components.js [app-client] (ecmascript)\\\",[\\\"/_next/static/chunks/node_modules_next_dist_8db7fb1f._.js\\\",\\\"/_next/static/chunks/src_app_favicon_ico_mjs_243aa161._.js\\\"],\\\"OutletBoundary\\\"]\\n56:I[\\\"[project]/node_modules/next/dist/client/components/metadata/async-metadata.js [app-client] (ecmascript)\\\",[\\\"/_next/static/chunks/node_modules_next_dist_8db7fb1f._.js\\\",\\\"/_next/static/chunks/src_app_favicon_ico_mjs_243aa161._.js\\\"],\\\"AsyncMetadataOutlet\\\"]\\n74:I[\\\"[project]/node_modules/next/dist/lib/framework/boundary-components.js [app-client] (ecmascript)\\\",[\\\"/_next/static/chunks/node_modules_next_dist_8db7fb1f._.js\\\",\\\"/_next/static/chunks/src_app_favicon_ico_mjs_243aa161._.js\\\"],\\\"ViewportBoundary\\\"]\\n7a:I[\\\"[project]/node_modules/next/dist/lib/framework/boundary-components.js [app-client] (ecmascript)\\\",[\\\"/_next/static/chunks/node_modules_next_dist_8db7fb1f._.js\\\",\\\"/_next/static/chunks/src_app_favicon_ico_mjs_243aa161._.js\\\"],\\\"MetadataBoundary\\\"]\\n7f:\\\"$Sreact.suspense\\\"\\n83:I[\\\"[project]/node_modules/next/dist/client/components/builtin/global-error.js [app-client] (ecmascript)\\\",[\\\"/_next/static/chunks/node_modules_next_dist_8db7fb1f._.js\\\",\\\"/_next/static/chunks/src_app_favicon_ico_mjs_243aa161._.js\\\"],\\\"default\\\"]\\n8d:I[\\\"[project]/node_modules/next/dist/lib/metadata/generate/icon-mark.js [app-client] (ecmascript)\\\",[\\\"/_next/static/chunks/node_modules_next_dist_8db7fb1f._.js\\\",\\\"/_next/static/chunks/src_app_favicon_ico_mjs_243aa161._.js\\\"],\\\"IconMark\\\"]\\n:HL[\\\"/_next/static/chunks/src_app_globals_91e4631d.css\\\",\\\"style\\\"]\\n:N1759139069346.936\\n3:\\\"$EObject.defineProperty(()=\\u003e{ctx.comp\"])</script><script>self.__next_f.push([1,\"onentMod.preloadStyle(fullHref,ctx.renderOpts.crossOrigin,ctx.nonce)},\\\\\\\"name\\\\\\\",{value:\\\\\\\"\\\\\\\"})\\\"\\n2:{\\\"name\\\":\\\"Preloads\\\",\\\"key\\\":null,\\\"env\\\":\\\"Server\\\",\\\"stack\\\":[],\\\"props\\\":{\\\"preloadCallbacks\\\":[\\\"$3\\\"]}}\\n4:[]\\n6:[]\\n8:[[\\\"Array.map\\\",\\\"\\\",0,0,0,0,false]]\\n9:[[\\\"Array.map\\\",\\\"\\\",0,0,0,0,false]]\\na:[[\\\"Array.map\\\",\\\"\\\",0,0,0,0,false]]\\nb:[[\\\"Array.map\\\",\\\"\\\",0,0,0,0,false]]\\nc:[[\\\"Array.map\\\",\\\"\\\",0,0,0,0,false]]\\nd:[[\\\"Array.map\\\",\\\"\\\",0,0,0,0,false]]\\ne:[[\\\"Array.map\\\",\\\"\\\",0,0,0,0,false]]\\nf:[[\\\"Array.map\\\",\\\"\\\",0,0,0,0,false]]\\n12:I[\\\"[project]/node_modules/next/dist/client/components/layout-router.js [app-client] (ecmascript)\\\",[\\\"/_next/static/chunks/node_modules_next_dist_8db7fb1f._.js\\\",\\\"/_next/static/chunks/src_app_favicon_ico_mjs_243aa161._.js\\\"],\\\"default\\\"]\\n15:I[\\\"[project]/node_modules/next/dist/client/components/render-from-template-context.js [app-client] (ecmascript)\\\",[\\\"/_next/static/chunks/node_modules_next_dist_8db7fb1f._.js\\\",\\\"/_next/static/chunks/src_app_favicon_ico_mjs_243aa161._.js\\\"],\\\"default\\\"]\\n16:{}\\n17:[[\\\"Function.all\\\",\\\"\\\",0,0,0,0,true]]\\n14:{\\\"children\\\":[\\\"$\\\",\\\"$L15\\\",null,\\\"$16\\\",null,\\\"$17\\\",1]}\\n18:[[\\\"Function.all\\\",\\\"\\\",0,0,0,0,true]]\\n13:{\\\"parallelRouterKey\\\":\\\"children\\\",\\\"error\\\":\\\"$undefined\\\",\\\"errorStyles\\\":\\\"$undefined\\\",\\\"errorScripts\\\":\\\"$undefined\\\",\\\"template\\\":[\\\"$\\\",\\\"$7\\\",null,\\\"$14\\\",null,\\\"$18\\\",0],\\\"templateStyles\\\":\\\"$undefined\\\",\\\"templateScripts\\\":\\\"$undefined\\\",\\\"notFound\\\":\\\"$Y\\\",\\\"forbidden\\\":\\\"$undefined\\\",\\\"unauthorized\\\":\\\"$undefined\\\",\\\"segmentViewBoundaries\\\":\\\"$Y\\\"}\\n19:[[\\\"Function.all\\\",\\\"\\\",0,0,0,0,true]]\\n11:{\\\"name\\\":\\\"RootLayout\\\",\\\"key\\\":null,\\\"env\\\":\\\"Server\\\",\\\"stack\\\":[],\\\"props\\\":{\\\"children\\\":[\\\"$\\\",\\\"$L12\\\",null,\\\"$13\\\",null,\\\"$19\\\",1],\\\"params\\\":\\\"$Y\\\"}}\\n1a:[[\\\"RootLayout\\\",\\\"D:\\\\\\\\KPI-Central\\\\\\\\.next\\\\\\\\server\\\\\\\\chunks\\\\\\\\ssr\\\\\\\\_02e80548._.js\\\",158,263,157,1,false]]\\n1b:[[\\\"RootLayout\\\",\\\"D:\\\\\\\\KPI-Central\\\\\\\\.next\\\\\\\\server\\\\\\\\chunks\\\\\\\\ssr\\\\\\\\_02e80548._.js\\\",160,264,157,1,false]]\\n1c:[[\\\"RootLayout\\\",\\\"D:\\\\\\\\KPI-Central\\\\\\\\.next\\\\\\\\server\\\\\\\\chunks\\\\\\\\ssr\\\\\\\\_02e80548._.js\\\",162,272,157,1,false]]\\n1d:[[\\\"RootLayout\\\",\\\"D:\\\\\\\\KPI-Central\\\\\\\\.next\\\\\\\\server\\\\\\\\chunks\\\\\\\\ssr\\\\\\\\_02e80548._.js\\\",170,272,157,1,false]]\\n1e:[[\\\"RootLayout\\\",\\\"D:\\\\\\\\KPI-Central\\\\\\\\.next\\\\\\\\server\\\\\\\\c\"])</script><script>self.__next_f.push([1,\"hunks\\\\\\\\ssr\\\\\\\\_02e80548._.js\\\",179,272,157,1,false]]\\n1f:[[\\\"RootLayout\\\",\\\"D:\\\\\\\\KPI-Central\\\\\\\\.next\\\\\\\\server\\\\\\\\chunks\\\\\\\\ssr\\\\\\\\_02e80548._.js\\\",187,272,157,1,false]]\\n20:[[\\\"RootLayout\\\",\\\"D:\\\\\\\\KPI-Central\\\\\\\\.next\\\\\\\\server\\\\\\\\chunks\\\\\\\\ssr\\\\\\\\_02e80548._.js\\\",195,272,157,1,false]]\\n21:[[\\\"RootLayout\\\",\\\"D:\\\\\\\\KPI-Central\\\\\\\\.next\\\\\\\\server\\\\\\\\chunks\\\\\\\\ssr\\\\\\\\_02e80548._.js\\\",203,272,157,1,false]]\\n22:[[\\\"RootLayout\\\",\\\"D:\\\\\\\\KPI-Central\\\\\\\\.next\\\\\\\\server\\\\\\\\chunks\\\\\\\\ssr\\\\\\\\_02e80548._.js\\\",211,272,157,1,false]]\\n23:[[\\\"RootLayout\\\",\\\"D:\\\\\\\\KPI-Central\\\\\\\\.next\\\\\\\\server\\\\\\\\chunks\\\\\\\\ssr\\\\\\\\_02e80548._.js\\\",219,272,157,1,false]]\\n24:[[\\\"RootLayout\\\",\\\"D:\\\\\\\\KPI-Central\\\\\\\\.next\\\\\\\\server\\\\\\\\chunks\\\\\\\\ssr\\\\\\\\_02e80548._.js\\\",227,272,157,1,false]]\\n25:[[\\\"RootLayout\\\",\\\"D:\\\\\\\\KPI-Central\\\\\\\\.next\\\\\\\\server\\\\\\\\chunks\\\\\\\\ssr\\\\\\\\_02e80548._.js\\\",241,264,157,1,false]]\\n26:[[\\\"RootLayout\\\",\\\"D:\\\\\\\\KPI-Central\\\\\\\\.next\\\\\\\\server\\\\\\\\chunks\\\\\\\\ssr\\\\\\\\_02e80548._.js\\\",244,272,157,1,false]]\\n28:[[\\\"RootLayout\\\",\\\"D:\\\\\\\\KPI-Central\\\\\\\\.next\\\\\\\\server\\\\\\\\chunks\\\\\\\\ssr\\\\\\\\_02e80548._.js\\\",245,286,157,1,false]]\\n2a:[[\\\"Function.all\\\",\\\"\\\",0,0,0,0,true]]\\n2c:[[\\\"Function.all\\\",\\\"\\\",0,0,0,0,true]]\\n2e:[]\\n30:{\\\"name\\\":\\\"NotFound\\\",\\\"key\\\":null,\\\"env\\\":\\\"Server\\\",\\\"stack\\\":[],\\\"props\\\":{}}\\n31:{\\\"name\\\":\\\"HTTPAccessErrorFallback\\\",\\\"key\\\":null,\\\"env\\\":\\\"Server\\\",\\\"owner\\\":\\\"$30\\\",\\\"stack\\\":[],\\\"props\\\":{\\\"status\\\":404,\\\"message\\\":\\\"This page could not be found.\\\"}}\\n32:[]\\n33:[]\\n34:[]\\n35:[]\\n36:[]\\n37:[]\\n38:[]\\n39:[[\\\"Function.all\\\",\\\"\\\",0,0,0,0,true]]\\n3a:[[\\\"Function.all\\\",\\\"\\\",0,0,0,0,true]]\\n3b:[[\\\"RootLayout\\\",\\\"D:\\\\\\\\KPI-Central\\\\\\\\.next\\\\\\\\server\\\\\\\\chunks\\\\\\\\ssr\\\\\\\\_02e80548._.js\\\",257,272,157,1,false]]\\n3d:[[\\\"Function.all\\\",\\\"\\\",0,0,0,0,true]]\\n3e:[[\\\"Function.all\\\",\\\"\\\",0,0,0,0,true],[\\\"Function.all\\\",\\\"\\\",0,0,0,0,true]]\\n3f:[[\\\"Function.all\\\",\\\"\\\",0,0,0,0,true],[\\\"Function.all\\\",\\\"\\\",0,0,0,0,true]]\\n40:[[\\\"Function.all\\\",\\\"\\\",0,0,0,0,true],[\\\"Function.all\\\",\\\"\\\",0,0,0,0,true]]\\n41:[[\\\"Function.all\\\",\\\"\\\",0,0,0,0,true],[\\\"Function.all\\\",\\\"\\\",0,0,0,0,true]]\\n43:{\\\"name\\\":\\\"NotFound\\\",\\\"key\\\":null,\\\"env\\\":\\\"Server\\\",\\\"stack\\\":[[\\\"Function.all\\\",\\\"\\\",0,0,0,0,true],[\\\"Function.all\\\",\\\"\\\",0,0,0,0,true]],\\\"props\\\":{\\\"params\\\":\\\"$@44\\\",\\\"searchParams\\\":\\\"$@45\\\"}}\\n46:{\\\"name\\\":\\\"HTTPAccessErrorFallback\\\",\\\"key\\\":null,\\\"env\\\":\\\"Ser\"])</script><script>self.__next_f.push([1,\"ver\\\",\\\"owner\\\":\\\"$43\\\",\\\"stack\\\":[],\\\"props\\\":{\\\"status\\\":404,\\\"message\\\":\\\"This page could not be found.\\\"}}\\n47:[]\\n48:[]\\n49:[]\\n4a:[]\\n4b:[]\\n4c:[]\\n4d:[]\\n4e:[[\\\"Function.all\\\",\\\"\\\",0,0,0,0,true],[\\\"Function.all\\\",\\\"\\\",0,0,0,0,true]]\\n52:\\\"$EObject.defineProperty(async function getViewportReady() {\\\\n        await viewport();\\\\n        return undefined;\\\\n    },\\\\\\\"name\\\\\\\",{value:\\\\\\\"getViewportReady\\\\\\\"})\\\"\\n51:{\\\"name\\\":\\\"__next_outlet_boundary__\\\",\\\"key\\\":null,\\\"env\\\":\\\"Server\\\",\\\"stack\\\":[[\\\"Function.all\\\",\\\"\\\",0,0,0,0,true],[\\\"Function.all\\\",\\\"\\\",0,0,0,0,true]],\\\"props\\\":{\\\"ready\\\":\\\"$52\\\"}}\\n54:{\\\"name\\\":\\\"StreamingMetadataOutletImpl\\\",\\\"key\\\":null,\\\"env\\\":\\\"Server\\\",\\\"stack\\\":[[\\\"Function.all\\\",\\\"\\\",0,0,0,0,true],[\\\"Function.all\\\",\\\"\\\",0,0,0,0,true]],\\\"props\\\":{}}\\n55:[]\\n58:[]\\n5a:{\\\"name\\\":\\\"Loading\\\",\\\"key\\\":\\\"l\\\",\\\"env\\\":\\\"Server\\\",\\\"stack\\\":[],\\\"props\\\":{}}\\n5b:[[\\\"Loading\\\",\\\"D:\\\\\\\\KPI-Central\\\\\\\\.next\\\\\\\\server\\\\\\\\chunks\\\\\\\\ssr\\\\\\\\_61efe57c._.js\\\",15,263,14,1,false]]\\n5c:[[\\\"Loading\\\",\\\"D:\\\\\\\\KPI-Central\\\\\\\\.next\\\\\\\\server\\\\\\\\chunks\\\\\\\\ssr\\\\\\\\_61efe57c._.js\\\",17,270,14,1,false]]\\n5d:[[\\\"Loading\\\",\\\"D:\\\\\\\\KPI-Central\\\\\\\\.next\\\\\\\\server\\\\\\\\chunks\\\\\\\\ssr\\\\\\\\_61efe57c._.js\\\",20,268,14,1,false]]\\n5f:{\\\"name\\\":\\\"Award\\\",\\\"key\\\":null,\\\"env\\\":\\\"Server\\\",\\\"owner\\\":\\\"$5a\\\",\\\"stack\\\":[[\\\"Loading\\\",\\\"D:\\\\\\\\KPI-Central\\\\\\\\.next\\\\\\\\server\\\\\\\\chunks\\\\\\\\ssr\\\\\\\\_61efe57c._.js\\\",22,282,14,1,false]],\\\"props\\\":{\\\"className\\\":\\\"size-8 text-white\\\"}}\\n60:{\\\"name\\\":\\\"\\\",\\\"key\\\":null,\\\"env\\\":\\\"Server\\\",\\\"owner\\\":\\\"$5f\\\",\\\"stack\\\":[[\\\"Award\\\",\\\"D:\\\\\\\\KPI-Central\\\\\\\\.next\\\\\\\\server\\\\\\\\chunks\\\\\\\\ssr\\\\\\\\_61efe57c._.js\\\",191,491,191,240,false]],\\\"props\\\":{\\\"ref\\\":\\\"$undefined\\\",\\\"iconNode\\\":[[\\\"path\\\",{\\\"d\\\":\\\"m15.477 12.89 1.515 8.526a.5.5 0 0 1-.81.47l-3.58-2.687a1 1 0 0 0-1.197 0l-3.586 2.686a.5.5 0 0 1-.81-.469l1.514-8.526\\\",\\\"key\\\":\\\"1yiouv\\\"}],[\\\"circle\\\",{\\\"cx\\\":\\\"12\\\",\\\"cy\\\":\\\"8\\\",\\\"r\\\":\\\"6\\\",\\\"key\\\":\\\"1vp47v\\\"}]],\\\"className\\\":\\\"lucide-award size-8 text-white\\\"}}\\n61:[[\\\"\\\",\\\"D:\\\\\\\\KPI-Central\\\\\\\\.next\\\\\\\\server\\\\\\\\chunks\\\\\\\\ssr\\\\\\\\_61efe57c._.js\\\",153,231,152,231,false]]\\n62:[[\\\"\\\",\\\"D:\\\\\\\\KPI-Central\\\\\\\\.next\\\\\\\\server\\\\\\\\chunks\\\\\\\\ssr\\\\\\\\_61efe57c._.js\\\",163,260,163,25,false],[\\\"Array.map\\\",\\\"\\\",0,0,0,0,false],[\\\"\\\",\\\"D:\\\\\\\\KPI-Central\\\\\\\\.next\\\\\\\\server\\\\\\\\chunks\\\\\\\\ssr\\\\\\\\_61efe57c._.js\\\",163,21,152,231,false]]\\n63:[[\\\"\\\",\\\"D:\\\\\\\\KPI-Cen\"])</script><script>self.__next_f.push([1,\"tral\\\\\\\\.next\\\\\\\\server\\\\\\\\chunks\\\\\\\\ssr\\\\\\\\_61efe57c._.js\\\",163,260,163,25,false],[\\\"Array.map\\\",\\\"\\\",0,0,0,0,false],[\\\"\\\",\\\"D:\\\\\\\\KPI-Central\\\\\\\\.next\\\\\\\\server\\\\\\\\chunks\\\\\\\\ssr\\\\\\\\_61efe57c._.js\\\",163,21,152,231,false]]\\n64:[[\\\"Loading\\\",\\\"D:\\\\\\\\KPI-Central\\\\\\\\.next\\\\\\\\server\\\\\\\\chunks\\\\\\\\ssr\\\\\\\\_61efe57c._.js\\\",34,268,14,1,false]]\\n65:[[\\\"Loading\\\",\\\"D:\\\\\\\\KPI-Central\\\\\\\\.next\\\\\\\\server\\\\\\\\chunks\\\\\\\\ssr\\\\\\\\_61efe57c._.js\\\",37,276,14,1,false]]\\n66:[[\\\"Loading\\\",\\\"D:\\\\\\\\KPI-Central\\\\\\\\.next\\\\\\\\server\\\\\\\\chunks\\\\\\\\ssr\\\\\\\\_61efe57c._.js\\\",45,276,14,1,false]]\\n68:{\\\"name\\\":\\\"LoaderCircle\\\",\\\"key\\\":null,\\\"env\\\":\\\"Server\\\",\\\"owner\\\":\\\"$5a\\\",\\\"stack\\\":[[\\\"Loading\\\",\\\"D:\\\\\\\\KPI-Central\\\\\\\\.next\\\\\\\\server\\\\\\\\chunks\\\\\\\\ssr\\\\\\\\_61efe57c._.js\\\",59,268,14,1,false]],\\\"props\\\":{\\\"className\\\":\\\"h-8 w-8 animate-spin text-black mx-auto\\\"}}\\n69:{\\\"name\\\":\\\"\\\",\\\"key\\\":null,\\\"env\\\":\\\"Server\\\",\\\"owner\\\":\\\"$68\\\",\\\"stack\\\":[[\\\"LoaderCircle\\\",\\\"D:\\\\\\\\KPI-Central\\\\\\\\.next\\\\\\\\server\\\\\\\\chunks\\\\\\\\ssr\\\\\\\\_61efe57c._.js\\\",191,491,191,240,false]],\\\"props\\\":{\\\"ref\\\":\\\"$undefined\\\",\\\"iconNode\\\":[[\\\"path\\\",{\\\"d\\\":\\\"M21 12a9 9 0 1 1-6.219-8.56\\\",\\\"key\\\":\\\"13zald\\\"}]],\\\"className\\\":\\\"lucide-loader-circle h-8 w-8 animate-spin text-black mx-auto\\\"}}\\n6a:[[\\\"\\\",\\\"D:\\\\\\\\KPI-Central\\\\\\\\.next\\\\\\\\server\\\\\\\\chunks\\\\\\\\ssr\\\\\\\\_61efe57c._.js\\\",153,231,152,231,false]]\\n6b:[[\\\"\\\",\\\"D:\\\\\\\\KPI-Central\\\\\\\\.next\\\\\\\\server\\\\\\\\chunks\\\\\\\\ssr\\\\\\\\_61efe57c._.js\\\",163,260,163,25,false],[\\\"Array.map\\\",\\\"\\\",0,0,0,0,false],[\\\"\\\",\\\"D:\\\\\\\\KPI-Central\\\\\\\\.next\\\\\\\\server\\\\\\\\chunks\\\\\\\\ssr\\\\\\\\_61efe57c._.js\\\",163,21,152,231,false]]\\n6c:[[\\\"Loading\\\",\\\"D:\\\\\\\\KPI-Central\\\\\\\\.next\\\\\\\\server\\\\\\\\chunks\\\\\\\\ssr\\\\\\\\_61efe57c._.js\\\",66,268,14,1,false]]\\n6d:[]\\n6f:{\\\"name\\\":\\\"NonIndex\\\",\\\"key\\\":null,\\\"env\\\":\\\"Server\\\",\\\"stack\\\":[],\\\"props\\\":{\\\"pagePath\\\":\\\"/_not-found\\\",\\\"statusCode\\\":404,\\\"isPossibleServerAction\\\":false}}\\n70:[]\\n72:{\\\"name\\\":\\\"ViewportTree\\\",\\\"key\\\":null,\\\"env\\\":\\\"Server\\\",\\\"stack\\\":[],\\\"props\\\":{}}\\n73:[]\\n76:{\\\"name\\\":\\\"__next_viewport_boundary__\\\",\\\"key\\\":null,\\\"env\\\":\\\"Server\\\",\\\"owner\\\":\\\"$72\\\",\\\"stack\\\":[],\\\"props\\\":{}}\\n78:{\\\"name\\\":\\\"MetadataTree\\\",\\\"key\\\":null,\\\"env\\\":\\\"Server\\\",\\\"stack\\\":[],\\\"props\\\":{}}\\n79:[]\\n7c:{\\\"name\\\":\\\"__next_metadata_boundary__\\\",\\\"key\\\":null,\\\"env\\\":\\\"Server\\\",\\\"owner\\\":\\\"$78\\\",\\\"stack\\\":[],\\\"props\\\":{}}\\n7d:[]\\n7e:[]\\n81:{\\\"name\\\":\\\"MetadataResolver\\\",\\\"key\\\":null,\\\"env\\\":\\\"Ser\"])</script><script>self.__next_f.push([1,\"ver\\\",\\\"owner\\\":\\\"$7c\\\",\\\"stack\\\":[],\\\"props\\\":{}}\\n44:{}\\n45:\\n84:[]\\n85:[]\\n86:[]\\n87:[]\\n88:[[\\\"Array.map\\\",\\\"\\\",0,0,0,0,false]]\\n89:[[\\\"Array.map\\\",\\\"\\\",0,0,0,0,false]]\\n8a:[[\\\"Array.map\\\",\\\"\\\",0,0,0,0,false]]\\n8b:[[\\\"Array.map\\\",\\\"\\\",0,0,0,0,false]]\\n8c:[]\\n1:D\\\"$2\\\"\\n1:null\\n10:D\\\"$11\\\"\\n2f:D\\\"$30\\\"\\n2f:D\\\"$31\\\"\\n\"])</script><script>self.__next_f.push([1,\"2f:[[\\\"$\\\",\\\"title\\\",null,{\\\"children\\\":\\\"404: This page could not be found.\\\"},\\\"$31\\\",\\\"$32\\\",1],[\\\"$\\\",\\\"div\\\",null,{\\\"style\\\":{\\\"fontFamily\\\":\\\"system-ui,\\\\\\\"Segoe UI\\\\\\\",Roboto,Helvetica,Arial,sans-serif,\\\\\\\"Apple Color Emoji\\\\\\\",\\\\\\\"Segoe UI Emoji\\\\\\\"\\\",\\\"height\\\":\\\"100vh\\\",\\\"textAlign\\\":\\\"center\\\",\\\"display\\\":\\\"flex\\\",\\\"flexDirection\\\":\\\"column\\\",\\\"alignItems\\\":\\\"center\\\",\\\"justifyContent\\\":\\\"center\\\"},\\\"children\\\":[\\\"$\\\",\\\"div\\\",null,{\\\"children\\\":[[\\\"$\\\",\\\"style\\\",null,{\\\"dangerouslySetInnerHTML\\\":{\\\"__html\\\":\\\"body{color:#000;background:#fff;margin:0}.next-error-h1{border-right:1px solid rgba(0,0,0,.3)}@media (prefers-color-scheme:dark){body{color:#fff;background:#000}.next-error-h1{border-right:1px solid rgba(255,255,255,.3)}}\\\"}},\\\"$31\\\",\\\"$35\\\",1],[\\\"$\\\",\\\"h1\\\",null,{\\\"className\\\":\\\"next-error-h1\\\",\\\"style\\\":{\\\"display\\\":\\\"inline-block\\\",\\\"margin\\\":\\\"0 20px 0 0\\\",\\\"padding\\\":\\\"0 23px 0 0\\\",\\\"fontSize\\\":24,\\\"fontWeight\\\":500,\\\"verticalAlign\\\":\\\"top\\\",\\\"lineHeight\\\":\\\"49px\\\"},\\\"children\\\":404},\\\"$31\\\",\\\"$36\\\",1],[\\\"$\\\",\\\"div\\\",null,{\\\"style\\\":{\\\"display\\\":\\\"inline-block\\\"},\\\"children\\\":[\\\"$\\\",\\\"h2\\\",null,{\\\"style\\\":{\\\"fontSize\\\":14,\\\"fontWeight\\\":400,\\\"lineHeight\\\":\\\"49px\\\",\\\"margin\\\":0},\\\"children\\\":\\\"This page could not be found.\\\"},\\\"$31\\\",\\\"$38\\\",1]},\\\"$31\\\",\\\"$37\\\",1]]},\\\"$31\\\",\\\"$34\\\",1]},\\\"$31\\\",\\\"$33\\\",1]]\\n\"])</script><script>self.__next_f.push([1,\"10:[\\\"$\\\",\\\"html\\\",null,{\\\"children\\\":[[\\\"$\\\",\\\"head\\\",null,{\\\"children\\\":[[\\\"$\\\",\\\"link\\\",null,{\\\"rel\\\":\\\"preconnect\\\",\\\"href\\\":\\\"https://fonts.googleapis.com\\\"},\\\"$11\\\",\\\"$1c\\\",1],[\\\"$\\\",\\\"link\\\",null,{\\\"rel\\\":\\\"preconnect\\\",\\\"href\\\":\\\"https://fonts.gstatic.com\\\",\\\"crossOrigin\\\":\\\"\\\"},\\\"$11\\\",\\\"$1d\\\",1],[\\\"$\\\",\\\"link\\\",null,{\\\"href\\\":\\\"https://fonts.googleapis.com/css2?family=Inter\\u0026display=swap\\\",\\\"rel\\\":\\\"stylesheet\\\"},\\\"$11\\\",\\\"$1e\\\",1],[\\\"$\\\",\\\"link\\\",null,{\\\"rel\\\":\\\"manifest\\\",\\\"href\\\":\\\"/manifest.json\\\"},\\\"$11\\\",\\\"$1f\\\",1],[\\\"$\\\",\\\"meta\\\",null,{\\\"name\\\":\\\"theme-color\\\",\\\"content\\\":\\\"#3b82f6\\\"},\\\"$11\\\",\\\"$20\\\",1],[\\\"$\\\",\\\"meta\\\",null,{\\\"name\\\":\\\"apple-mobile-web-app-capable\\\",\\\"content\\\":\\\"yes\\\"},\\\"$11\\\",\\\"$21\\\",1],[\\\"$\\\",\\\"meta\\\",null,{\\\"name\\\":\\\"apple-mobile-web-app-status-bar-style\\\",\\\"content\\\":\\\"default\\\"},\\\"$11\\\",\\\"$22\\\",1],[\\\"$\\\",\\\"meta\\\",null,{\\\"name\\\":\\\"apple-mobile-web-app-title\\\",\\\"content\\\":\\\"Y99 KPI Central\\\"},\\\"$11\\\",\\\"$23\\\",1],[\\\"$\\\",\\\"link\\\",null,{\\\"rel\\\":\\\"apple-touch-icon\\\",\\\"href\\\":\\\"https://y99.vn/logo.png\\\"},\\\"$11\\\",\\\"$24\\\",1]]},\\\"$11\\\",\\\"$1b\\\",1],[\\\"$\\\",\\\"body\\\",null,{\\\"className\\\":\\\"font-body antialiased\\\",\\\"children\\\":[[\\\"$\\\",\\\"$L27\\\",null,{\\\"children\\\":[\\\"$\\\",\\\"$L29\\\",null,{\\\"children\\\":[\\\"$\\\",\\\"$L2b\\\",null,{\\\"parallelRouterKey\\\":\\\"children\\\",\\\"error\\\":\\\"$undefined\\\",\\\"errorStyles\\\":\\\"$undefined\\\",\\\"errorScripts\\\":\\\"$undefined\\\",\\\"template\\\":[\\\"$\\\",\\\"$L2d\\\",null,{},null,\\\"$2c\\\",1],\\\"templateStyles\\\":\\\"$undefined\\\",\\\"templateScripts\\\":\\\"$undefined\\\",\\\"notFound\\\":[\\\"$\\\",\\\"$L5\\\",\\\"c-not-found\\\",{\\\"type\\\":\\\"not-found\\\",\\\"pagePath\\\":\\\"__next_builtin__not-found.js\\\",\\\"children\\\":[\\\"$2f\\\",[]]},null,\\\"$2e\\\",0],\\\"forbidden\\\":\\\"$undefined\\\",\\\"unauthorized\\\":\\\"$undefined\\\",\\\"segmentViewBoundaries\\\":[[\\\"$\\\",\\\"$L5\\\",null,{\\\"type\\\":\\\"boundary:not-found\\\",\\\"pagePath\\\":\\\"__next_builtin__not-found.js@boundary\\\"},null,\\\"$39\\\",1],[\\\"$\\\",\\\"$L5\\\",null,{\\\"type\\\":\\\"boundary:loading\\\",\\\"pagePath\\\":\\\"loading.tsx@boundary\\\"},null,\\\"$3a\\\",1],\\\"$undefined\\\",\\\"$undefined\\\"]},null,\\\"$2a\\\",1]},\\\"$11\\\",\\\"$28\\\",1]},\\\"$11\\\",\\\"$26\\\",1],[\\\"$\\\",\\\"$L3c\\\",null,{},\\\"$11\\\",\\\"$3b\\\",1]]},\\\"$11\\\",\\\"$25\\\",1]]},\\\"$11\\\",\\\"$1a\\\",1]\\n\"])</script><script>self.__next_f.push([1,\"42:D\\\"$43\\\"\\n42:D\\\"$46\\\"\\n\"])</script><script>self.__next_f.push([1,\"42:[[\\\"$\\\",\\\"title\\\",null,{\\\"children\\\":\\\"404: This page could not be found.\\\"},\\\"$46\\\",\\\"$47\\\",1],[\\\"$\\\",\\\"div\\\",null,{\\\"style\\\":\\\"$2f:1:props:style\\\",\\\"children\\\":[\\\"$\\\",\\\"div\\\",null,{\\\"children\\\":[[\\\"$\\\",\\\"style\\\",null,{\\\"dangerouslySetInnerHTML\\\":{\\\"__html\\\":\\\"body{color:#000;background:#fff;margin:0}.next-error-h1{border-right:1px solid rgba(0,0,0,.3)}@media (prefers-color-scheme:dark){body{color:#fff;background:#000}.next-error-h1{border-right:1px solid rgba(255,255,255,.3)}}\\\"}},\\\"$46\\\",\\\"$4a\\\",1],[\\\"$\\\",\\\"h1\\\",null,{\\\"className\\\":\\\"next-error-h1\\\",\\\"style\\\":\\\"$2f:1:props:children:props:children:1:props:style\\\",\\\"children\\\":404},\\\"$46\\\",\\\"$4b\\\",1],[\\\"$\\\",\\\"div\\\",null,{\\\"style\\\":\\\"$2f:1:props:children:props:children:2:props:style\\\",\\\"children\\\":[\\\"$\\\",\\\"h2\\\",null,{\\\"style\\\":\\\"$2f:1:props:children:props:children:2:props:children:props:style\\\",\\\"children\\\":\\\"This page could not be found.\\\"},\\\"$46\\\",\\\"$4d\\\",1]},\\\"$46\\\",\\\"$4c\\\",1]]},\\\"$46\\\",\\\"$49\\\",1]},\\\"$46\\\",\\\"$48\\\",1]]\\n\"])</script><script>self.__next_f.push([1,\"50:D\\\"$51\\\"\\n53:D\\\"$54\\\"\\n53:[\\\"$\\\",\\\"$L56\\\",null,{\\\"promise\\\":\\\"$@57\\\"},\\\"$54\\\",\\\"$55\\\",1]\\n59:D\\\"$5a\\\"\\n5e:D\\\"$5f\\\"\\n5e:D\\\"$60\\\"\\n5e:[\\\"$\\\",\\\"svg\\\",null,{\\\"ref\\\":\\\"$undefined\\\",\\\"xmlns\\\":\\\"http://www.w3.org/2000/svg\\\",\\\"width\\\":24,\\\"height\\\":24,\\\"viewBox\\\":\\\"0 0 24 24\\\",\\\"fill\\\":\\\"none\\\",\\\"stroke\\\":\\\"currentColor\\\",\\\"strokeWidth\\\":2,\\\"strokeLinecap\\\":\\\"round\\\",\\\"strokeLinejoin\\\":\\\"round\\\",\\\"className\\\":\\\"lucide lucide-award size-8 text-white\\\",\\\"children\\\":[[\\\"$\\\",\\\"path\\\",\\\"1yiouv\\\",{\\\"d\\\":\\\"m15.477 12.89 1.515 8.526a.5.5 0 0 1-.81.47l-3.58-2.687a1 1 0 0 0-1.197 0l-3.586 2.686a.5.5 0 0 1-.81-.469l1.514-8.526\\\"},\\\"$60\\\",\\\"$62\\\",0],[\\\"$\\\",\\\"circle\\\",\\\"1vp47v\\\",{\\\"cx\\\":\\\"12\\\",\\\"cy\\\":\\\"8\\\",\\\"r\\\":\\\"6\\\"},\\\"$60\\\",\\\"$63\\\",0],\\\"$undefined\\\"]},\\\"$60\\\",\\\"$61\\\",1]\\n67:D\\\"$68\\\"\\n67:D\\\"$69\\\"\\n67:[\\\"$\\\",\\\"svg\\\",null,{\\\"ref\\\":\\\"$undefined\\\",\\\"xmlns\\\":\\\"http://www.w3.org/2000/svg\\\",\\\"width\\\":24,\\\"height\\\":24,\\\"viewBox\\\":\\\"0 0 24 24\\\",\\\"fill\\\":\\\"none\\\",\\\"stroke\\\":\\\"currentColor\\\",\\\"strokeWidth\\\":2,\\\"strokeLinecap\\\":\\\"round\\\",\\\"strokeLinejoin\\\":\\\"round\\\",\\\"className\\\":\\\"lucide lucide-loader-circle h-8 w-8 animate-spin text-black mx-auto\\\",\\\"children\\\":[[\\\"$\\\",\\\"path\\\",\\\"13zald\\\",{\\\"d\\\":\\\"M21 12a9 9 0 1 1-6.219-8.56\\\"},\\\"$69\\\",\\\"$6b\\\",0],\\\"$undefined\\\"]},\\\"$69\\\",\\\"$6a\\\",1]\\n\"])</script><script>self.__next_f.push([1,\"59:[\\\"$\\\",\\\"div\\\",\\\"l\\\",{\\\"className\\\":\\\"min-h-screen bg-white flex items-center justify-center\\\",\\\"children\\\":[\\\"$\\\",\\\"div\\\",null,{\\\"className\\\":\\\"text-center space-y-6\\\",\\\"children\\\":[[\\\"$\\\",\\\"div\\\",null,{\\\"className\\\":\\\"mx-auto flex items-center justify-center w-16 h-16 bg-black rounded-full shadow-lg\\\",\\\"children\\\":\\\"$5e\\\"},\\\"$5a\\\",\\\"$5d\\\",1],[\\\"$\\\",\\\"div\\\",null,{\\\"className\\\":\\\"space-y-2\\\",\\\"children\\\":[[\\\"$\\\",\\\"h2\\\",null,{\\\"className\\\":\\\"text-2xl font-bold text-black\\\",\\\"children\\\":\\\"KPI Central\\\"},\\\"$5a\\\",\\\"$65\\\",1],[\\\"$\\\",\\\"p\\\",null,{\\\"className\\\":\\\"text-gray-600\\\",\\\"children\\\":\\\"Đang tải...\\\"},\\\"$5a\\\",\\\"$66\\\",1]]},\\\"$5a\\\",\\\"$64\\\",1],\\\"$67\\\",[\\\"$\\\",\\\"div\\\",null,{\\\"className\\\":\\\"text-sm text-gray-500\\\",\\\"children\\\":\\\"Vui lòng chờ trong giây lát...\\\"},\\\"$5a\\\",\\\"$6c\\\",1]]},\\\"$5a\\\",\\\"$5c\\\",1]},\\\"$5a\\\",\\\"$5b\\\",1]\\n\"])</script><script>self.__next_f.push([1,\"6e:D\\\"$6f\\\"\\n6e:[\\\"$\\\",\\\"meta\\\",null,{\\\"name\\\":\\\"robots\\\",\\\"content\\\":\\\"noindex\\\"},null,\\\"$70\\\",1]\\n71:D\\\"$72\\\"\\n75:D\\\"$76\\\"\\n71:[[\\\"$\\\",\\\"$L74\\\",null,{\\\"children\\\":\\\"$L75\\\"},\\\"$72\\\",\\\"$73\\\",1],null]\\n77:D\\\"$78\\\"\\n7b:D\\\"$7c\\\"\\n80:D\\\"$81\\\"\\n7b:[\\\"$\\\",\\\"div\\\",null,{\\\"hidden\\\":true,\\\"children\\\":[\\\"$\\\",\\\"$7f\\\",null,{\\\"fallback\\\":null,\\\"children\\\":\\\"$L80\\\"},\\\"$7c\\\",\\\"$7e\\\",1]},\\\"$7c\\\",\\\"$7d\\\",1]\\n77:[\\\"$\\\",\\\"$L7a\\\",null,{\\\"children\\\":\\\"$7b\\\"},\\\"$78\\\",\\\"$79\\\",1]\\n82:[]\\n\"])</script><script>self.__next_f.push([1,\"0:{\\\"P\\\":\\\"$1\\\",\\\"b\\\":\\\"development\\\",\\\"p\\\":\\\"\\\",\\\"c\\\":[\\\"\\\",\\\"api\\\",\\\"kpis\\\",\\\"invalid-id\\\"],\\\"i\\\":false,\\\"f\\\":[[[\\\"\\\",{\\\"children\\\":[\\\"/_not-found\\\",{\\\"children\\\":[\\\"__PAGE__\\\",{}]}]},\\\"$undefined\\\",\\\"$undefined\\\",true],[\\\"\\\",[\\\"$\\\",\\\"$L5\\\",\\\"layout\\\",{\\\"type\\\":\\\"layout\\\",\\\"pagePath\\\":\\\"layout.tsx\\\",\\\"children\\\":[\\\"$\\\",\\\"$7\\\",\\\"c\\\",{\\\"children\\\":[[[\\\"$\\\",\\\"link\\\",\\\"0\\\",{\\\"rel\\\":\\\"stylesheet\\\",\\\"href\\\":\\\"/_next/static/chunks/src_app_globals_91e4631d.css\\\",\\\"precedence\\\":\\\"next_static/chunks/src_app_globals_91e4631d.css\\\",\\\"crossOrigin\\\":\\\"$undefined\\\",\\\"nonce\\\":\\\"$undefined\\\"},null,\\\"$8\\\",0],[\\\"$\\\",\\\"script\\\",\\\"script-0\\\",{\\\"src\\\":\\\"/_next/static/chunks/src_ac97f44a._.js\\\",\\\"async\\\":true,\\\"nonce\\\":\\\"$undefined\\\"},null,\\\"$9\\\",0],[\\\"$\\\",\\\"script\\\",\\\"script-1\\\",{\\\"src\\\":\\\"/_next/static/chunks/node_modules_tailwind-merge_dist_bundle-mjs_mjs_56b6fd65._.js\\\",\\\"async\\\":true,\\\"nonce\\\":\\\"$undefined\\\"},null,\\\"$a\\\",0],[\\\"$\\\",\\\"script\\\",\\\"script-2\\\",{\\\"src\\\":\\\"/_next/static/chunks/94568_%40firebase_auth_dist_esm2017_82074328._.js\\\",\\\"async\\\":true,\\\"nonce\\\":\\\"$undefined\\\"},null,\\\"$b\\\",0],[\\\"$\\\",\\\"script\\\",\\\"script-3\\\",{\\\"src\\\":\\\"/_next/static/chunks/node_modules_%40firebase_firestore_dist_index_esm2017_d9c36ae7.js\\\",\\\"async\\\":true,\\\"nonce\\\":\\\"$undefined\\\"},null,\\\"$c\\\",0],[\\\"$\\\",\\\"script\\\",\\\"script-4\\\",{\\\"src\\\":\\\"/_next/static/chunks/node_modules_%40firebase_storage_dist_index_esm2017_46d20e3b.js\\\",\\\"async\\\":true,\\\"nonce\\\":\\\"$undefined\\\"},null,\\\"$d\\\",0],[\\\"$\\\",\\\"script\\\",\\\"script-5\\\",{\\\"src\\\":\\\"/_next/static/chunks/node_modules_6ee02f0b._.js\\\",\\\"async\\\":true,\\\"nonce\\\":\\\"$undefined\\\"},null,\\\"$e\\\",0],[\\\"$\\\",\\\"script\\\",\\\"script-6\\\",{\\\"src\\\":\\\"/_next/static/chunks/src_app_layout_tsx_0a548d63._.js\\\",\\\"async\\\":true,\\\"nonce\\\":\\\"$undefined\\\"},null,\\\"$f\\\",0]],\\\"$10\\\"]},null,\\\"$6\\\",1]},null,\\\"$4\\\",0],{\\\"children\\\":[\\\"/_not-found\\\",[\\\"$\\\",\\\"$7\\\",\\\"c\\\",{\\\"children\\\":[null,[\\\"$\\\",\\\"$L2b\\\",null,{\\\"parallelRouterKey\\\":\\\"children\\\",\\\"error\\\":\\\"$undefined\\\",\\\"errorStyles\\\":\\\"$undefined\\\",\\\"errorScripts\\\":\\\"$undefined\\\",\\\"template\\\":[\\\"$\\\",\\\"$L2d\\\",null,{},null,\\\"$3f\\\",1],\\\"templateStyles\\\":\\\"$undefined\\\",\\\"templateScripts\\\":\\\"$undefined\\\",\\\"notFound\\\":\\\"$undefined\\\",\\\"forbidden\\\":\\\"$undefined\\\",\\\"unauthorized\\\":\\\"$undefined\\\",\\\"segmentViewBoundaries\\\":[\\\"$undefined\\\",\\\"$undefined\\\",\\\"$undefined\\\",\\\"$undefined\\\"]},null,\\\"$3e\\\",1]]},null,\\\"$3d\\\",0],{\\\"children\\\":[\\\"__PAGE__\\\",[\\\"$\\\",\\\"$7\\\",\\\"c\\\",{\\\"children\\\":[[\\\"$\\\",\\\"$L5\\\",\\\"c-page\\\",{\\\"type\\\":\\\"page\\\",\\\"pagePath\\\":\\\"__next_builtin__not-found.js\\\",\\\"children\\\":\\\"$42\\\"},null,\\\"$41\\\",1],null,[\\\"$\\\",\\\"$L4f\\\",null,{\\\"children\\\":[\\\"$L50\\\",\\\"$53\\\"]},null,\\\"$4e\\\",1]]},null,\\\"$40\\\",0],{},null,false]},null,false]},[[\\\"$\\\",\\\"$L5\\\",\\\"c-loading\\\",{\\\"type\\\":\\\"loading\\\",\\\"pagePath\\\":\\\"loading.tsx\\\",\\\"children\\\":\\\"$59\\\"},null,\\\"$58\\\",0],[],[]],false],[\\\"$\\\",\\\"$7\\\",\\\"h\\\",{\\\"children\\\":[\\\"$6e\\\",\\\"$71\\\",\\\"$77\\\"]},null,\\\"$6d\\\",0],false]],\\\"m\\\":\\\"$W82\\\",\\\"G\\\":[\\\"$83\\\",\\\"$undefined\\\"],\\\"s\\\":false,\\\"S\\\":false}\\n\"])</script><script>self.__next_f.push([1,\"75:[[\\\"$\\\",\\\"meta\\\",\\\"0\\\",{\\\"charSet\\\":\\\"utf-8\\\"},\\\"$51\\\",\\\"$84\\\",0],[\\\"$\\\",\\\"meta\\\",\\\"1\\\",{\\\"name\\\":\\\"viewport\\\",\\\"content\\\":\\\"width=device-width, initial-scale=1\\\"},\\\"$51\\\",\\\"$85\\\",0]]\\n50:null\\n\"])</script><script>self.__next_f.push([1,\"57:{\\\"metadata\\\":[[\\\"$\\\",\\\"title\\\",\\\"0\\\",{\\\"children\\\":\\\"KPI Central - Hệ thống quản lý KPI\\\"},\\\"$54\\\",\\\"$86\\\",0],[\\\"$\\\",\\\"meta\\\",\\\"1\\\",{\\\"name\\\":\\\"description\\\",\\\"content\\\":\\\"Hệ thống quản lý và theo dõi KPI toàn diện cho doanh nghiệp\\\"},\\\"$54\\\",\\\"$87\\\",0],[\\\"$\\\",\\\"link\\\",\\\"2\\\",{\\\"rel\\\":\\\"shortcut icon\\\",\\\"href\\\":\\\"https://y99.vn/logo.png\\\"},\\\"$54\\\",\\\"$88\\\",0],[\\\"$\\\",\\\"link\\\",\\\"3\\\",{\\\"rel\\\":\\\"icon\\\",\\\"href\\\":\\\"/favicon.ico?favicon.d86e410f.ico\\\",\\\"sizes\\\":\\\"1000x563\\\",\\\"type\\\":\\\"image/x-icon\\\"},\\\"$54\\\",\\\"$89\\\",0],[\\\"$\\\",\\\"link\\\",\\\"4\\\",{\\\"rel\\\":\\\"icon\\\",\\\"href\\\":\\\"https://y99.vn/logo.png\\\"},\\\"$54\\\",\\\"$8a\\\",0],[\\\"$\\\",\\\"link\\\",\\\"5\\\",{\\\"rel\\\":\\\"apple-touch-icon\\\",\\\"href\\\":\\\"https://y99.vn/logo.png\\\"},\\\"$54\\\",\\\"$8b\\\",0],[\\\"$\\\",\\\"$L8d\\\",\\\"6\\\",{},\\\"$54\\\",\\\"$8c\\\",0]],\\\"error\\\":null,\\\"digest\\\":\\\"$undefined\\\"}\\n\"])</script><script>self.__next_f.push([1,\"80:\\\"$57:metadata\\\"\\n\"])</script></body></html>"

      335 |         expect(body).not.toContain('database');
      336 |         expect(body).not.toContain('sql');
    > 337 |         expect(body).not.toContain('query');
          |                          ^
      338 |         expect(body).not.toContain('table');
      339 |         expect(body).not.toContain('column');
      340 |         expect(body).not.toContain('password');
        at D:\KPI-Central\tests\security\api-security-tests.spec.ts:337:26

    attachment #1: screenshot (image/png) ──────────────────────────────────────────────────────────
    ..\test-results\security-api-security-test-092f7-formation-in-error-messages-chromium\test-failed-1.png
    ────────────────────────────────────────────────────────────────────────────────────────────────

    attachment #2: video (video/webm) ──────────────────────────────────────────────────────────────
    ..\test-results\security-api-security-test-092f7-formation-in-error-messages-chromium\video.webm
    ────────────────────────────────────────────────────────────────────────────────────────────────

    Error Context: ..\test-results\security-api-security-test-092f7-formation-in-error-messages-chromium\error-context.md
]]>
</failure>
<system-out>
<![CDATA[🚀 Testing API error message security...
🔐 Logging in as admin...
⚠️ Timeout waiting for admin redirect, checking current URL...
Current URL: http://localhost:9001/employee
✅ Admin login successful

[[ATTACHMENT|security-api-security-test-092f7-formation-in-error-messages-chromium\test-failed-1.png]]

[[ATTACHMENT|security-api-security-test-092f7-formation-in-error-messages-chromium\video.webm]]

[[ATTACHMENT|security-api-security-test-092f7-formation-in-error-messages-chromium\error-context.md]]
]]>
</system-out>
</testcase>
<testcase name="API Security Tests › API CORS and Headers › should implement proper CORS headers" classname="security\api-security-tests.spec.ts" time="0.238">
<failure message="api-security-tests.spec.ts:350:9 should implement proper CORS headers" type="FAILURE">
<![CDATA[  [chromium] › security\api-security-tests.spec.ts:350:9 › API Security Tests › API CORS and Headers › should implement proper CORS headers 

    TypeError: page.request.options is not a function

      351 |       console.log('🚀 Testing CORS headers...');
      352 |       
    > 353 |       const response = await page.request.options('/api/kpis');
          |                                           ^
      354 |       const headers = response.headers();
      355 |       
      356 |       // Check for CORS headers
        at D:\KPI-Central\tests\security\api-security-tests.spec.ts:353:43

    attachment #1: screenshot (image/png) ──────────────────────────────────────────────────────────
    ..\test-results\security-api-security-test-ecf70-plement-proper-CORS-headers-chromium\test-failed-1.png
    ────────────────────────────────────────────────────────────────────────────────────────────────

    attachment #2: video (video/webm) ──────────────────────────────────────────────────────────────
    ..\test-results\security-api-security-test-ecf70-plement-proper-CORS-headers-chromium\video.webm
    ────────────────────────────────────────────────────────────────────────────────────────────────
]]>
</failure>
<system-out>
<![CDATA[🚀 Testing CORS headers...

[[ATTACHMENT|security-api-security-test-ecf70-plement-proper-CORS-headers-chromium\test-failed-1.png]]

[[ATTACHMENT|security-api-security-test-ecf70-plement-proper-CORS-headers-chromium\video.webm]]
]]>
</system-out>
</testcase>
<testcase name="API Security Tests › API CORS and Headers › should implement security headers" classname="security\api-security-tests.spec.ts" time="1.965">
<failure message="api-security-tests.spec.ts:381:9 should implement security headers" type="FAILURE">
<![CDATA[  [chromium] › security\api-security-tests.spec.ts:381:9 › API Security Tests › API CORS and Headers › should implement security headers 

    Error: expect(received).toBeGreaterThan(expected)

    Expected: > 0
    Received:   0

      405 |       
      406 |       // Should have at least some security headers
    > 407 |       expect(securityHeadersCount).toBeGreaterThan(0);
          |                                    ^
      408 |       
      409 |       console.log('✅ Security headers test completed');
      410 |     });
        at D:\KPI-Central\tests\security\api-security-tests.spec.ts:407:36

    attachment #1: screenshot (image/png) ──────────────────────────────────────────────────────────
    ..\test-results\security-api-security-test-984dd--implement-security-headers-chromium\test-failed-1.png
    ────────────────────────────────────────────────────────────────────────────────────────────────

    attachment #2: video (video/webm) ──────────────────────────────────────────────────────────────
    ..\test-results\security-api-security-test-984dd--implement-security-headers-chromium\video.webm
    ────────────────────────────────────────────────────────────────────────────────────────────────
]]>
</failure>
<system-out>
<![CDATA[🚀 Testing security headers...
📊 Security headers found: 0/5

[[ATTACHMENT|security-api-security-test-984dd--implement-security-headers-chromium\test-failed-1.png]]

[[ATTACHMENT|security-api-security-test-984dd--implement-security-headers-chromium\video.webm]]
]]>
</system-out>
</testcase>
</testsuite>
</testsuites>